#
# There is insufficient memory for the Java Runtime Environment to continue.
# Native memory allocation (mmap) failed to map 65536 bytes for Failed to commit metaspace.
# Possible reasons:
#   The system is out of physical RAM or swap space
#   The process is running with CompressedOops enabled, and the Java Heap may be blocking the growth of the native heap
# Possible solutions:
#   Reduce memory load on the system
#   Increase physical memory or swap space
#   Check if swap backing store is full
#   Decrease Java heap size (-Xmx/-Xms)
#   Decrease number of Java threads
#   Decrease Java thread stack sizes (-Xss)
#   Set larger code cache with -XX:ReservedCodeCacheSize=
#   JVM is running with Unscaled Compressed Oops mode in which the Java heap is
#     placed in the first 4GB address space. The Java Heap base address is the
#     maximum limit for the native heap growth. Please use -XX:HeapBaseMinAddress
#     to set the Java Heap base and to place the Java Heap above 4GB virtual address.
# This output file may be truncated or incomplete.
#
#  Out of Memory Error (virtualSpaceNode.cpp:112), pid=8096, tid=1096
#
# JRE version: Java(TM) SE Runtime Environment (21.0.1+12) (build 21.0.1+12-LTS-29)
# Java VM: Java HotSpot(TM) 64-Bit Server VM (21.0.1+12-LTS-29, mixed mode, sharing, tiered, compressed oops, compressed class ptrs, g1 gc, windows-amd64)
# No core dump will be written. Minidumps are not enabled by default on client versions of Windows
#

---------------  S U M M A R Y ------------

Command Line: -Dfile.encoding=UTF-8 --module-path=C:\Users\Administrator\Documents\NetBeansProjects\QuanLiInternet\build\classes quanliinternet.View

Host: Intel(R) Core(TM) i5-7200U CPU @ 2.50GHz, 4 cores, 7G,  Windows 10 , 64 bit Build 17763 (10.0.17763.4974)
Time: Wed Dec 20 11:48:49 2023 SE Asia Standard Time elapsed time: 1.342089 seconds (0d 0h 0m 1s)

---------------  T H R E A D  ---------------

Current thread (0x000001d1fcd3a420):  JavaThread "AWT-EventQueue-0"        [_thread_in_vm, id=1096, stack(0x0000008e26100000,0x0000008e26200000) (1024K)]

Stack: [0x0000008e26100000,0x0000008e26200000]
Native frames: (J=compiled Java code, j=interpreted, Vv=VM code, C=native code)
V  [jvm.dll+0x6c9029]
V  [jvm.dll+0x854b81]
V  [jvm.dll+0x856e5e]
V  [jvm.dll+0x857543]
V  [jvm.dll+0x280c06]
V  [jvm.dll+0x8508ae]
V  [jvm.dll+0x66ca45]
V  [jvm.dll+0x1e677c]
V  [jvm.dll+0x1e654e]
V  [jvm.dll+0x66f35c]
V  [jvm.dll+0x66f172]
V  [jvm.dll+0x66d41e]
V  [jvm.dll+0x677657]
V  [jvm.dll+0x217a53]
V  [jvm.dll+0x217f95]
V  [jvm.dll+0x2189b1]
V  [jvm.dll+0x20dc4e]
V  [jvm.dll+0x5ac6dc]
V  [jvm.dll+0x21f67a]
V  [jvm.dll+0x7ccde1]
V  [jvm.dll+0x7cde45]
V  [jvm.dll+0x7ce3ef]
V  [jvm.dll+0x7ce098]
V  [jvm.dll+0x26ebdb]
V  [jvm.dll+0x3d36fe]
C  0x000001d1eb07a7ff

The last pc belongs to new (printed below).
Java frames: (J=compiled Java code, j=interpreted, Vv=VM code)
j  sun.security.ssl.CertificateMessage.<clinit>()V+20 java.base@21.0.1
v  ~StubRoutines::call_stub 0x000001d1eb06100d
j  sun.security.ssl.SSLHandshake.<clinit>()V+477 java.base@21.0.1
v  ~StubRoutines::call_stub 0x000001d1eb06100d
j  sun.security.ssl.OutputRecord.<clinit>()V+130 java.base@21.0.1
v  ~StubRoutines::call_stub 0x000001d1eb06100d
j  sun.security.ssl.SSLSocketImpl.<init>(Lsun/security/ssl/SSLContextImpl;Ljava/net/Socket;Ljava/lang/String;IZ)V+98 java.base@21.0.1
j  sun.security.ssl.SSLSocketFactoryImpl.createSocket(Ljava/net/Socket;Ljava/lang/String;IZ)Ljava/net/Socket;+13 java.base@21.0.1
j  com.mysql.cj.protocol.ExportControlled.performTlsHandshake(Ljava/net/Socket;Lcom/mysql/cj/protocol/SocketConnection;Lcom/mysql/cj/ServerVersion;Lcom/mysql/cj/log/Log;)Ljava/net/Socket;+339
j  com.mysql.cj.protocol.StandardSocketFactory.performTlsHandshake(Lcom/mysql/cj/protocol/SocketConnection;Lcom/mysql/cj/protocol/ServerSession;Lcom/mysql/cj/log/Log;)Ljava/io/Closeable;+21
j  com.mysql.cj.protocol.a.NativeSocketConnection.performTlsHandshake(Lcom/mysql/cj/protocol/ServerSession;Lcom/mysql/cj/log/Log;)V+8
j  com.mysql.cj.protocol.a.NativeProtocol.negotiateSSLConnection()V+116
j  com.mysql.cj.protocol.a.NativeAuthenticationProvider.connect(Ljava/lang/String;Ljava/lang/String;Ljava/lang/String;)V+765
j  com.mysql.cj.protocol.a.NativeProtocol.connect(Ljava/lang/String;Ljava/lang/String;Ljava/lang/String;)V+11
j  com.mysql.cj.NativeSession.connect(Lcom/mysql/cj/conf/HostInfo;Ljava/lang/String;Ljava/lang/String;Ljava/lang/String;ILcom/mysql/cj/TransactionEventHandler;)V+110
j  com.mysql.cj.jdbc.ConnectionImpl.connectOneTryOnly(Z)V+32
j  com.mysql.cj.jdbc.ConnectionImpl.createNewIO(Z)V+27
j  com.mysql.cj.jdbc.ConnectionImpl.<init>(Lcom/mysql/cj/conf/HostInfo;)V+753
j  com.mysql.cj.jdbc.ConnectionImpl.getInstance(Lcom/mysql/cj/conf/HostInfo;)Lcom/mysql/cj/jdbc/JdbcConnection;+5
j  com.mysql.cj.jdbc.NonRegisteringDriver.connect(Ljava/lang/String;Ljava/util/Properties;)Ljava/sql/Connection;+72
j  java.sql.DriverManager.getConnection(Ljava/lang/String;Ljava/util/Properties;Ljava/lang/Class;)Ljava/sql/Connection;+133 java.sql@21.0.1
j  java.sql.DriverManager.getConnection(Ljava/lang/String;Ljava/lang/String;Ljava/lang/String;)Ljava/sql/Connection;+37 java.sql@21.0.1
j  quanliinternet.View.<init>()V+40
j  quanliinternet.View$10.run()V+4
j  java.awt.event.InvocationEvent.dispatch()V+47 java.desktop@21.0.1
j  java.awt.EventQueue.dispatchEventImpl(Ljava/awt/AWTEvent;Ljava/lang/Object;)V+21 java.desktop@21.0.1
j  java.awt.EventQueue$4.run()Ljava/lang/Void;+32 java.desktop@21.0.1
j  java.awt.EventQueue$4.run()Ljava/lang/Object;+1 java.desktop@21.0.1
j  java.security.AccessController.executePrivileged(Ljava/security/PrivilegedAction;Ljava/security/AccessControlContext;Ljava/lang/Class;)Ljava/lang/Object;+29 java.base@21.0.1
j  java.security.AccessController.doPrivileged(Ljava/security/PrivilegedAction;Ljava/security/AccessControlContext;)Ljava/lang/Object;+13 java.base@21.0.1
j  java.security.ProtectionDomain$JavaSecurityAccessImpl.doIntersectionPrivilege(Ljava/security/PrivilegedAction;Ljava/security/AccessControlContext;Ljava/security/AccessControlContext;)Ljava/lang/Object;+18 java.base@21.0.1
j  java.awt.EventQueue.dispatchEvent(Ljava/awt/AWTEvent;)V+46 java.desktop@21.0.1
j  java.awt.EventDispatchThread.pumpOneEventForFilters(I)V+81 java.desktop@21.0.1
j  java.awt.EventDispatchThread.pumpEventsForFilter(ILjava/awt/Conditional;Ljava/awt/EventFilter;)V+35 java.desktop@21.0.1
j  java.awt.EventDispatchThread.pumpEventsForHierarchy(ILjava/awt/Conditional;Ljava/awt/Component;)V+11 java.desktop@21.0.1
j  java.awt.EventDispatchThread.pumpEvents(ILjava/awt/Conditional;)V+4 java.desktop@21.0.1
j  java.awt.EventDispatchThread.pumpEvents(Ljava/awt/Conditional;)V+3 java.desktop@21.0.1
j  java.awt.EventDispatchThread.run()V+9 java.desktop@21.0.1
v  ~StubRoutines::call_stub 0x000001d1eb06100d
new  187 new  [0x000001d1eb07a680, 0x000001d1eb07a888]  520 bytes
[MachCode]
  0x000001d1eb07a680: 4883 ec08 | c5fa 1104 | 24eb 1f48 | 83ec 10c5 | fb11 0424 | eb14 4883 | ec10 4889 | 0424 48c7 
  0x000001d1eb07a6a0: 4424 0800 | 0000 00eb | 0150 410f | b755 010f | cac1 ea10 | 488b 4de8 | 488b 4908 | 488b 4908 
  0x000001d1eb07a6c0: 488b 4108 | 807c 1004 | 070f 85d3 | 0000 0066 | 8b54 d148 | 488b 4928 | 488b 4cd1 | 0851 80b9 
  0x000001d1eb07a6e0: 2001 0000 | 050f 85b6 | 0000 008b | 5108 f6c2 | 010f 85aa | 0000 0049 | 8b87 b801 | 0000 488d 
  0x000001d1eb07a700: 1c10 493b | 9fc8 0100 | 000f 8792 | 0000 0049 | 899f b801 | 0000 4883 | ea10 0f84 | 0f00 0000 
  0x000001d1eb07a720: 33c9 c1ea | 0348 894c | d008 48ff | ca75 f648 | c700 0100 | 0000 5933 | f689 700c | 49ba 0000 
  0x000001d1eb07a740: 0080 d101 | 0000 492b | ca89 4808 | 49ba ca25 | 0d74 fb7f | 0000 4180 | 3a00 0f84 | 3c00 0000 
  0x000001d1eb07a760: 5048 8bc8 | 4883 ec20 | 40f6 c40f | 0f84 1900 | 0000 4883 | ec08 48b8 | 70eb bd73 | fb7f 0000 
  0x000001d1eb07a780: ffd0 4883 | c408 e90c | 0000 0048 | b870 ebbd | 73fb 7f00 | 00ff d048 | 83c4 2058 | e9cb 0000 
  0x000001d1eb07a7a0: 0059 488b | 55e8 488b | 5208 488b | 5208 450f | b745 0141 | 0fc8 41c1 | e810 e805 | 0000 00e9 
  0x000001d1eb07a7c0: a800 0000 | 488d 4424 | 084c 896d | c049 8bcf | c5f8 7749 | 89af a803 | 0000 4989 | 8798 0300 
  0x000001d1eb07a7e0: 0048 83ec | 2040 f6c4 | 0f0f 8419 | 0000 0048 | 83ec 0848 | b8b0 3688 | 73fb 7f00 | 00ff d048 
  0x000001d1eb07a800: 83c4 08e9 | 0c00 0000 | 48b8 b036 | 8873 fb7f | 0000 ffd0 | 4883 c420 | 49c7 8798 | 0300 0000 
  0x000001d1eb07a820: 0000 0049 | c787 a803 | 0000 0000 | 0000 49c7 | 87a0 0300 | 0000 0000 | 00c5 f877 | 4983 7f08 
  0x000001d1eb07a840: 000f 8405 | 0000 00e9 | b466 feff | 498b 87f0 | 0300 0049 | c787 f003 | 0000 0000 | 0000 4c8b 
  0x000001d1eb07a860: 6dc0 4c8b | 75c8 4e8d | 74f5 00c3 | 410f b65d | 0349 83c5 | 0349 ba80 | df0f 74fb | 7f00 0041 
  0x000001d1eb07a880: ff24 da0f | 1f44 0000 
[/MachCode]

---------------  P R O C E S S  ---------------

Threads class SMR info:
_java_thread_list=0x000001d1fcebead0, length=17, elements={
0x000001d1f7f115b0, 0x000001d1f7f124d0, 0x000001d1f7f16470, 0x000001d1f7f18fe0,
0x000001d1f7f1b1f0, 0x000001d1f7f1bc50, 0x000001d1f7f226c0, 0x000001d1f7f2ded0,
0x000001d1f7edb8c0, 0x000001d1fc2aa850, 0x000001d1fc44a300, 0x000001d1fc44f6c0,
0x000001d1fc450960, 0x000001d1fcd3a420, 0x000001d1d9ddae70, 0x000001d1f7f2af20,
0x000001d1fd303380
}

Java Threads: ( => current thread )
  0x000001d1f7f115b0 JavaThread "Reference Handler"          daemon [_thread_blocked, id=9920, stack(0x0000008e25400000,0x0000008e25500000) (1024K)]
  0x000001d1f7f124d0 JavaThread "Finalizer"                  daemon [_thread_blocked, id=1396, stack(0x0000008e25500000,0x0000008e25600000) (1024K)]
  0x000001d1f7f16470 JavaThread "Signal Dispatcher"          daemon [_thread_blocked, id=9156, stack(0x0000008e25600000,0x0000008e25700000) (1024K)]
  0x000001d1f7f18fe0 JavaThread "Attach Listener"            daemon [_thread_blocked, id=5544, stack(0x0000008e25700000,0x0000008e25800000) (1024K)]
  0x000001d1f7f1b1f0 JavaThread "Service Thread"             daemon [_thread_blocked, id=5600, stack(0x0000008e25800000,0x0000008e25900000) (1024K)]
  0x000001d1f7f1bc50 JavaThread "Monitor Deflation Thread"   daemon [_thread_blocked, id=8448, stack(0x0000008e25900000,0x0000008e25a00000) (1024K)]
  0x000001d1f7f226c0 JavaThread "C2 CompilerThread0"         daemon [_thread_blocked, id=4624, stack(0x0000008e25a00000,0x0000008e25b00000) (1024K)]
  0x000001d1f7f2ded0 JavaThread "C1 CompilerThread0"         daemon [_thread_blocked, id=7772, stack(0x0000008e25b00000,0x0000008e25c00000) (1024K)]
  0x000001d1f7edb8c0 JavaThread "Common-Cleaner"             daemon [_thread_blocked, id=9300, stack(0x0000008e25c00000,0x0000008e25d00000) (1024K)]
  0x000001d1fc2aa850 JavaThread "Notification Thread"        daemon [_thread_blocked, id=1620, stack(0x0000008e25d00000,0x0000008e25e00000) (1024K)]
  0x000001d1fc44a300 JavaThread "Java2D Disposer"            daemon [_thread_blocked, id=5952, stack(0x0000008e25e00000,0x0000008e25f00000) (1024K)]
  0x000001d1fc44f6c0 JavaThread "AWT-Shutdown"                      [_thread_blocked, id=8264, stack(0x0000008e25f00000,0x0000008e26000000) (1024K)]
  0x000001d1fc450960 JavaThread "AWT-Windows"                daemon [_thread_in_native, id=5084, stack(0x0000008e26000000,0x0000008e26100000) (1024K)]
=>0x000001d1fcd3a420 JavaThread "AWT-EventQueue-0"                  [_thread_in_vm, id=1096, stack(0x0000008e26100000,0x0000008e26200000) (1024K)]
  0x000001d1d9ddae70 JavaThread "DestroyJavaVM"                     [_thread_blocked, id=2948, stack(0x0000008e24c00000,0x0000008e24d00000) (1024K)]
  0x000001d1f7f2af20 JavaThread "C2 CompilerThread1"         daemon [_thread_blocked, id=6184, stack(0x0000008e26500000,0x0000008e26600000) (1024K)]
  0x000001d1fd303380 JavaThread "mysql-cj-abandoned-connection-cleanup" daemon [_thread_blocked, id=6348, stack(0x0000008e26600000,0x0000008e26700000) (1024K)]
Total: 17

Other Threads:
  0x000001d1f7ef55a0 VMThread "VM Thread"                           [id=8080, stack(0x0000008e25300000,0x0000008e25400000) (1024K)]
  0x000001d1f7edadd0 WatcherThread "VM Periodic Task Thread"        [id=2468, stack(0x0000008e25200000,0x0000008e25300000) (1024K)]
  0x000001d1d9f54b50 WorkerThread "GC Thread#0"                     [id=7496, stack(0x0000008e24d00000,0x0000008e24e00000) (1024K)]
  0x000001d1fd259a20 WorkerThread "GC Thread#1"                     [id=9112, stack(0x0000008e26700000,0x0000008e26800000) (1024K)]
  0x000001d1fd259dc0 WorkerThread "GC Thread#2"                     [id=9236, stack(0x0000008e26800000,0x0000008e26900000) (1024K)]
  0x000001d1fd2503e0 WorkerThread "GC Thread#3"                     [id=8284, stack(0x0000008e26900000,0x0000008e26a00000) (1024K)]
  0x000001d1d9f67810 ConcurrentGCThread "G1 Main Marker"            [id=180, stack(0x0000008e24e00000,0x0000008e24f00000) (1024K)]
  0x000001d1d9f68220 WorkerThread "G1 Conc#0"                       [id=8776, stack(0x0000008e24f00000,0x0000008e25000000) (1024K)]
  0x000001d1f7db05d0 ConcurrentGCThread "G1 Refine#0"               [id=9100, stack(0x0000008e25000000,0x0000008e25100000) (1024K)]
  0x000001d1f7db0f50 ConcurrentGCThread "G1 Service"                [id=376, stack(0x0000008e25100000,0x0000008e25200000) (1024K)]
Total: 10

Threads with active compile tasks:
Total: 0

VM state: not at safepoint (normal execution)

VM Mutex/Monitor currently owned by a thread:  ([mutex/lock_event])
[0x00007ffb740e8578] Metaspace_lock - owner thread: 0x000001d1fcd3a420

Heap address: 0x0000000082000000, size: 2016 MB, Compressed Oops mode: 32-bit

CDS archive(s) mapped at: [0x000001d180000000-0x000001d180c90000-0x000001d180c90000), size 13172736, SharedBaseAddress: 0x000001d180000000, ArchiveRelocationMode: 1.
Compressed class space mapped at: 0x000001d181000000-0x000001d1c1000000, reserved size: 1073741824
Narrow klass base: 0x000001d180000000, Narrow klass shift: 0, Narrow klass range: 0x100000000

GC Precious Log:
 CardTable entry size: 512
 Card Set container configuration: InlinePtr #cards 5 size 8 Array Of Cards #cards 12 size 40 Howl #buckets 4 coarsen threshold 1843 Howl Bitmap #cards 512 size 80 coarsen threshold 460 Card regions per heap region 1 cards per card region 2048
 CPUs: 4 total, 4 available
 Memory: 8057M
 Large Page Support: Disabled
 NUMA Support: Disabled
 Compressed Oops: Enabled (32-bit)
 Heap Region Size: 1M
 Heap Min Capacity: 8M
 Heap Initial Capacity: 126M
 Heap Max Capacity: 2016M
 Pre-touch: Disabled
 Parallel Workers: 4
 Concurrent Workers: 1
 Concurrent Refinement Workers: 4
 Periodic GC: Disabled

Heap:
 garbage-first heap   total 129024K, used 12788K [0x0000000082000000, 0x0000000100000000)
  region size 1024K, 12 young (12288K), 2 survivors (2048K)
 Metaspace       used 15950K, committed 16192K, reserved 1114112K
  class space    used 1800K, committed 1920K, reserved 1048576K

Heap Regions: E=young(eden), S=young(survivor), O=old, HS=humongous(starts), HC=humongous(continues), CS=collection set, F=free, TAMS=top-at-mark-start, PB=parsable bottom
|   0|0x0000000082000000, 0x0000000082100000, 0x0000000082100000|100%| O|  |TAMS 0x0000000082000000| PB 0x0000000082000000| Untracked 
|   1|0x0000000082100000, 0x000000008217d020, 0x0000000082200000| 48%| O|  |TAMS 0x0000000082100000| PB 0x0000000082100000| Untracked 
|   2|0x0000000082200000, 0x0000000082200000, 0x0000000082300000|  0%| F|  |TAMS 0x0000000082200000| PB 0x0000000082200000| Untracked 
|   3|0x0000000082300000, 0x0000000082300000, 0x0000000082400000|  0%| F|  |TAMS 0x0000000082300000| PB 0x0000000082300000| Untracked 
|   4|0x0000000082400000, 0x0000000082400000, 0x0000000082500000|  0%| F|  |TAMS 0x0000000082400000| PB 0x0000000082400000| Untracked 
|   5|0x0000000082500000, 0x0000000082500000, 0x0000000082600000|  0%| F|  |TAMS 0x0000000082500000| PB 0x0000000082500000| Untracked 
|   6|0x0000000082600000, 0x0000000082600000, 0x0000000082700000|  0%| F|  |TAMS 0x0000000082600000| PB 0x0000000082600000| Untracked 
|   7|0x0000000082700000, 0x0000000082700000, 0x0000000082800000|  0%| F|  |TAMS 0x0000000082700000| PB 0x0000000082700000| Untracked 
|   8|0x0000000082800000, 0x0000000082800000, 0x0000000082900000|  0%| F|  |TAMS 0x0000000082800000| PB 0x0000000082800000| Untracked 
|   9|0x0000000082900000, 0x0000000082900000, 0x0000000082a00000|  0%| F|  |TAMS 0x0000000082900000| PB 0x0000000082900000| Untracked 
|  10|0x0000000082a00000, 0x0000000082a00000, 0x0000000082b00000|  0%| F|  |TAMS 0x0000000082a00000| PB 0x0000000082a00000| Untracked 
|  11|0x0000000082b00000, 0x0000000082b00000, 0x0000000082c00000|  0%| F|  |TAMS 0x0000000082b00000| PB 0x0000000082b00000| Untracked 
|  12|0x0000000082c00000, 0x0000000082c00000, 0x0000000082d00000|  0%| F|  |TAMS 0x0000000082c00000| PB 0x0000000082c00000| Untracked 
|  13|0x0000000082d00000, 0x0000000082d00000, 0x0000000082e00000|  0%| F|  |TAMS 0x0000000082d00000| PB 0x0000000082d00000| Untracked 
|  14|0x0000000082e00000, 0x0000000082e00000, 0x0000000082f00000|  0%| F|  |TAMS 0x0000000082e00000| PB 0x0000000082e00000| Untracked 
|  15|0x0000000082f00000, 0x0000000082f00000, 0x0000000083000000|  0%| F|  |TAMS 0x0000000082f00000| PB 0x0000000082f00000| Untracked 
|  16|0x0000000083000000, 0x0000000083000000, 0x0000000083100000|  0%| F|  |TAMS 0x0000000083000000| PB 0x0000000083000000| Untracked 
|  17|0x0000000083100000, 0x0000000083100000, 0x0000000083200000|  0%| F|  |TAMS 0x0000000083100000| PB 0x0000000083100000| Untracked 
|  18|0x0000000083200000, 0x0000000083200000, 0x0000000083300000|  0%| F|  |TAMS 0x0000000083200000| PB 0x0000000083200000| Untracked 
|  19|0x0000000083300000, 0x0000000083300000, 0x0000000083400000|  0%| F|  |TAMS 0x0000000083300000| PB 0x0000000083300000| Untracked 
|  20|0x0000000083400000, 0x0000000083400000, 0x0000000083500000|  0%| F|  |TAMS 0x0000000083400000| PB 0x0000000083400000| Untracked 
|  21|0x0000000083500000, 0x0000000083500000, 0x0000000083600000|  0%| F|  |TAMS 0x0000000083500000| PB 0x0000000083500000| Untracked 
|  22|0x0000000083600000, 0x0000000083600000, 0x0000000083700000|  0%| F|  |TAMS 0x0000000083600000| PB 0x0000000083600000| Untracked 
|  23|0x0000000083700000, 0x0000000083700000, 0x0000000083800000|  0%| F|  |TAMS 0x0000000083700000| PB 0x0000000083700000| Untracked 
|  24|0x0000000083800000, 0x0000000083800000, 0x0000000083900000|  0%| F|  |TAMS 0x0000000083800000| PB 0x0000000083800000| Untracked 
|  25|0x0000000083900000, 0x0000000083900000, 0x0000000083a00000|  0%| F|  |TAMS 0x0000000083900000| PB 0x0000000083900000| Untracked 
|  26|0x0000000083a00000, 0x0000000083a00000, 0x0000000083b00000|  0%| F|  |TAMS 0x0000000083a00000| PB 0x0000000083a00000| Untracked 
|  27|0x0000000083b00000, 0x0000000083b00000, 0x0000000083c00000|  0%| F|  |TAMS 0x0000000083b00000| PB 0x0000000083b00000| Untracked 
|  28|0x0000000083c00000, 0x0000000083c00000, 0x0000000083d00000|  0%| F|  |TAMS 0x0000000083c00000| PB 0x0000000083c00000| Untracked 
|  29|0x0000000083d00000, 0x0000000083d00000, 0x0000000083e00000|  0%| F|  |TAMS 0x0000000083d00000| PB 0x0000000083d00000| Untracked 
|  30|0x0000000083e00000, 0x0000000083e00000, 0x0000000083f00000|  0%| F|  |TAMS 0x0000000083e00000| PB 0x0000000083e00000| Untracked 
|  31|0x0000000083f00000, 0x0000000083f00000, 0x0000000084000000|  0%| F|  |TAMS 0x0000000083f00000| PB 0x0000000083f00000| Untracked 
|  32|0x0000000084000000, 0x0000000084000000, 0x0000000084100000|  0%| F|  |TAMS 0x0000000084000000| PB 0x0000000084000000| Untracked 
|  33|0x0000000084100000, 0x0000000084100000, 0x0000000084200000|  0%| F|  |TAMS 0x0000000084100000| PB 0x0000000084100000| Untracked 
|  34|0x0000000084200000, 0x0000000084200000, 0x0000000084300000|  0%| F|  |TAMS 0x0000000084200000| PB 0x0000000084200000| Untracked 
|  35|0x0000000084300000, 0x0000000084300000, 0x0000000084400000|  0%| F|  |TAMS 0x0000000084300000| PB 0x0000000084300000| Untracked 
|  36|0x0000000084400000, 0x0000000084400000, 0x0000000084500000|  0%| F|  |TAMS 0x0000000084400000| PB 0x0000000084400000| Untracked 
|  37|0x0000000084500000, 0x0000000084500000, 0x0000000084600000|  0%| F|  |TAMS 0x0000000084500000| PB 0x0000000084500000| Untracked 
|  38|0x0000000084600000, 0x0000000084600000, 0x0000000084700000|  0%| F|  |TAMS 0x0000000084600000| PB 0x0000000084600000| Untracked 
|  39|0x0000000084700000, 0x0000000084700000, 0x0000000084800000|  0%| F|  |TAMS 0x0000000084700000| PB 0x0000000084700000| Untracked 
|  40|0x0000000084800000, 0x0000000084800000, 0x0000000084900000|  0%| F|  |TAMS 0x0000000084800000| PB 0x0000000084800000| Untracked 
|  41|0x0000000084900000, 0x0000000084900000, 0x0000000084a00000|  0%| F|  |TAMS 0x0000000084900000| PB 0x0000000084900000| Untracked 
|  42|0x0000000084a00000, 0x0000000084a00000, 0x0000000084b00000|  0%| F|  |TAMS 0x0000000084a00000| PB 0x0000000084a00000| Untracked 
|  43|0x0000000084b00000, 0x0000000084b00000, 0x0000000084c00000|  0%| F|  |TAMS 0x0000000084b00000| PB 0x0000000084b00000| Untracked 
|  44|0x0000000084c00000, 0x0000000084c00000, 0x0000000084d00000|  0%| F|  |TAMS 0x0000000084c00000| PB 0x0000000084c00000| Untracked 
|  45|0x0000000084d00000, 0x0000000084d00000, 0x0000000084e00000|  0%| F|  |TAMS 0x0000000084d00000| PB 0x0000000084d00000| Untracked 
|  46|0x0000000084e00000, 0x0000000084e00000, 0x0000000084f00000|  0%| F|  |TAMS 0x0000000084e00000| PB 0x0000000084e00000| Untracked 
|  47|0x0000000084f00000, 0x0000000084f00000, 0x0000000085000000|  0%| F|  |TAMS 0x0000000084f00000| PB 0x0000000084f00000| Untracked 
|  48|0x0000000085000000, 0x0000000085000000, 0x0000000085100000|  0%| F|  |TAMS 0x0000000085000000| PB 0x0000000085000000| Untracked 
|  49|0x0000000085100000, 0x0000000085100000, 0x0000000085200000|  0%| F|  |TAMS 0x0000000085100000| PB 0x0000000085100000| Untracked 
|  50|0x0000000085200000, 0x0000000085200000, 0x0000000085300000|  0%| F|  |TAMS 0x0000000085200000| PB 0x0000000085200000| Untracked 
|  51|0x0000000085300000, 0x0000000085300000, 0x0000000085400000|  0%| F|  |TAMS 0x0000000085300000| PB 0x0000000085300000| Untracked 
|  52|0x0000000085400000, 0x0000000085400000, 0x0000000085500000|  0%| F|  |TAMS 0x0000000085400000| PB 0x0000000085400000| Untracked 
|  53|0x0000000085500000, 0x0000000085500000, 0x0000000085600000|  0%| F|  |TAMS 0x0000000085500000| PB 0x0000000085500000| Untracked 
|  54|0x0000000085600000, 0x0000000085600000, 0x0000000085700000|  0%| F|  |TAMS 0x0000000085600000| PB 0x0000000085600000| Untracked 
|  55|0x0000000085700000, 0x0000000085700000, 0x0000000085800000|  0%| F|  |TAMS 0x0000000085700000| PB 0x0000000085700000| Untracked 
|  56|0x0000000085800000, 0x0000000085800000, 0x0000000085900000|  0%| F|  |TAMS 0x0000000085800000| PB 0x0000000085800000| Untracked 
|  57|0x0000000085900000, 0x0000000085900000, 0x0000000085a00000|  0%| F|  |TAMS 0x0000000085900000| PB 0x0000000085900000| Untracked 
|  58|0x0000000085a00000, 0x0000000085a00000, 0x0000000085b00000|  0%| F|  |TAMS 0x0000000085a00000| PB 0x0000000085a00000| Untracked 
|  59|0x0000000085b00000, 0x0000000085b00000, 0x0000000085c00000|  0%| F|  |TAMS 0x0000000085b00000| PB 0x0000000085b00000| Untracked 
|  60|0x0000000085c00000, 0x0000000085c00000, 0x0000000085d00000|  0%| F|  |TAMS 0x0000000085c00000| PB 0x0000000085c00000| Untracked 
|  61|0x0000000085d00000, 0x0000000085d00000, 0x0000000085e00000|  0%| F|  |TAMS 0x0000000085d00000| PB 0x0000000085d00000| Untracked 
|  62|0x0000000085e00000, 0x0000000085e00000, 0x0000000085f00000|  0%| F|  |TAMS 0x0000000085e00000| PB 0x0000000085e00000| Untracked 
|  63|0x0000000085f00000, 0x0000000085f00000, 0x0000000086000000|  0%| F|  |TAMS 0x0000000085f00000| PB 0x0000000085f00000| Untracked 
|  64|0x0000000086000000, 0x0000000086000000, 0x0000000086100000|  0%| F|  |TAMS 0x0000000086000000| PB 0x0000000086000000| Untracked 
|  65|0x0000000086100000, 0x0000000086100000, 0x0000000086200000|  0%| F|  |TAMS 0x0000000086100000| PB 0x0000000086100000| Untracked 
|  66|0x0000000086200000, 0x0000000086200000, 0x0000000086300000|  0%| F|  |TAMS 0x0000000086200000| PB 0x0000000086200000| Untracked 
|  67|0x0000000086300000, 0x0000000086300000, 0x0000000086400000|  0%| F|  |TAMS 0x0000000086300000| PB 0x0000000086300000| Untracked 
|  68|0x0000000086400000, 0x0000000086400000, 0x0000000086500000|  0%| F|  |TAMS 0x0000000086400000| PB 0x0000000086400000| Untracked 
|  69|0x0000000086500000, 0x0000000086500000, 0x0000000086600000|  0%| F|  |TAMS 0x0000000086500000| PB 0x0000000086500000| Untracked 
|  70|0x0000000086600000, 0x0000000086600000, 0x0000000086700000|  0%| F|  |TAMS 0x0000000086600000| PB 0x0000000086600000| Untracked 
|  71|0x0000000086700000, 0x0000000086700000, 0x0000000086800000|  0%| F|  |TAMS 0x0000000086700000| PB 0x0000000086700000| Untracked 
|  72|0x0000000086800000, 0x0000000086800000, 0x0000000086900000|  0%| F|  |TAMS 0x0000000086800000| PB 0x0000000086800000| Untracked 
|  73|0x0000000086900000, 0x0000000086900000, 0x0000000086a00000|  0%| F|  |TAMS 0x0000000086900000| PB 0x0000000086900000| Untracked 
|  74|0x0000000086a00000, 0x0000000086a00000, 0x0000000086b00000|  0%| F|  |TAMS 0x0000000086a00000| PB 0x0000000086a00000| Untracked 
|  75|0x0000000086b00000, 0x0000000086b00000, 0x0000000086c00000|  0%| F|  |TAMS 0x0000000086b00000| PB 0x0000000086b00000| Untracked 
|  76|0x0000000086c00000, 0x0000000086c00000, 0x0000000086d00000|  0%| F|  |TAMS 0x0000000086c00000| PB 0x0000000086c00000| Untracked 
|  77|0x0000000086d00000, 0x0000000086d00000, 0x0000000086e00000|  0%| F|  |TAMS 0x0000000086d00000| PB 0x0000000086d00000| Untracked 
|  78|0x0000000086e00000, 0x0000000086e00000, 0x0000000086f00000|  0%| F|  |TAMS 0x0000000086e00000| PB 0x0000000086e00000| Untracked 
|  79|0x0000000086f00000, 0x0000000086f00000, 0x0000000087000000|  0%| F|  |TAMS 0x0000000086f00000| PB 0x0000000086f00000| Untracked 
|  80|0x0000000087000000, 0x0000000087000000, 0x0000000087100000|  0%| F|  |TAMS 0x0000000087000000| PB 0x0000000087000000| Untracked 
|  81|0x0000000087100000, 0x0000000087100000, 0x0000000087200000|  0%| F|  |TAMS 0x0000000087100000| PB 0x0000000087100000| Untracked 
|  82|0x0000000087200000, 0x0000000087200000, 0x0000000087300000|  0%| F|  |TAMS 0x0000000087200000| PB 0x0000000087200000| Untracked 
|  83|0x0000000087300000, 0x0000000087300000, 0x0000000087400000|  0%| F|  |TAMS 0x0000000087300000| PB 0x0000000087300000| Untracked 
|  84|0x0000000087400000, 0x0000000087400000, 0x0000000087500000|  0%| F|  |TAMS 0x0000000087400000| PB 0x0000000087400000| Untracked 
|  85|0x0000000087500000, 0x0000000087500000, 0x0000000087600000|  0%| F|  |TAMS 0x0000000087500000| PB 0x0000000087500000| Untracked 
|  86|0x0000000087600000, 0x0000000087600000, 0x0000000087700000|  0%| F|  |TAMS 0x0000000087600000| PB 0x0000000087600000| Untracked 
|  87|0x0000000087700000, 0x0000000087700000, 0x0000000087800000|  0%| F|  |TAMS 0x0000000087700000| PB 0x0000000087700000| Untracked 
|  88|0x0000000087800000, 0x0000000087800000, 0x0000000087900000|  0%| F|  |TAMS 0x0000000087800000| PB 0x0000000087800000| Untracked 
|  89|0x0000000087900000, 0x0000000087900000, 0x0000000087a00000|  0%| F|  |TAMS 0x0000000087900000| PB 0x0000000087900000| Untracked 
|  90|0x0000000087a00000, 0x0000000087a00000, 0x0000000087b00000|  0%| F|  |TAMS 0x0000000087a00000| PB 0x0000000087a00000| Untracked 
|  91|0x0000000087b00000, 0x0000000087b00000, 0x0000000087c00000|  0%| F|  |TAMS 0x0000000087b00000| PB 0x0000000087b00000| Untracked 
|  92|0x0000000087c00000, 0x0000000087c00000, 0x0000000087d00000|  0%| F|  |TAMS 0x0000000087c00000| PB 0x0000000087c00000| Untracked 
|  93|0x0000000087d00000, 0x0000000087d00000, 0x0000000087e00000|  0%| F|  |TAMS 0x0000000087d00000| PB 0x0000000087d00000| Untracked 
|  94|0x0000000087e00000, 0x0000000087e00000, 0x0000000087f00000|  0%| F|  |TAMS 0x0000000087e00000| PB 0x0000000087e00000| Untracked 
|  95|0x0000000087f00000, 0x0000000087f00000, 0x0000000088000000|  0%| F|  |TAMS 0x0000000087f00000| PB 0x0000000087f00000| Untracked 
|  96|0x0000000088000000, 0x0000000088000000, 0x0000000088100000|  0%| F|  |TAMS 0x0000000088000000| PB 0x0000000088000000| Untracked 
|  97|0x0000000088100000, 0x0000000088100000, 0x0000000088200000|  0%| F|  |TAMS 0x0000000088100000| PB 0x0000000088100000| Untracked 
|  98|0x0000000088200000, 0x0000000088200000, 0x0000000088300000|  0%| F|  |TAMS 0x0000000088200000| PB 0x0000000088200000| Untracked 
|  99|0x0000000088300000, 0x0000000088300000, 0x0000000088400000|  0%| F|  |TAMS 0x0000000088300000| PB 0x0000000088300000| Untracked 
| 100|0x0000000088400000, 0x0000000088400000, 0x0000000088500000|  0%| F|  |TAMS 0x0000000088400000| PB 0x0000000088400000| Untracked 
| 101|0x0000000088500000, 0x0000000088500000, 0x0000000088600000|  0%| F|  |TAMS 0x0000000088500000| PB 0x0000000088500000| Untracked 
| 102|0x0000000088600000, 0x0000000088600000, 0x0000000088700000|  0%| F|  |TAMS 0x0000000088600000| PB 0x0000000088600000| Untracked 
| 103|0x0000000088700000, 0x0000000088700000, 0x0000000088800000|  0%| F|  |TAMS 0x0000000088700000| PB 0x0000000088700000| Untracked 
| 104|0x0000000088800000, 0x0000000088800000, 0x0000000088900000|  0%| F|  |TAMS 0x0000000088800000| PB 0x0000000088800000| Untracked 
| 105|0x0000000088900000, 0x0000000088900000, 0x0000000088a00000|  0%| F|  |TAMS 0x0000000088900000| PB 0x0000000088900000| Untracked 
| 106|0x0000000088a00000, 0x0000000088a00000, 0x0000000088b00000|  0%| F|  |TAMS 0x0000000088a00000| PB 0x0000000088a00000| Untracked 
| 107|0x0000000088b00000, 0x0000000088b00000, 0x0000000088c00000|  0%| F|  |TAMS 0x0000000088b00000| PB 0x0000000088b00000| Untracked 
| 108|0x0000000088c00000, 0x0000000088c00000, 0x0000000088d00000|  0%| F|  |TAMS 0x0000000088c00000| PB 0x0000000088c00000| Untracked 
| 109|0x0000000088d00000, 0x0000000088d00000, 0x0000000088e00000|  0%| F|  |TAMS 0x0000000088d00000| PB 0x0000000088d00000| Untracked 
| 110|0x0000000088e00000, 0x0000000088e00000, 0x0000000088f00000|  0%| F|  |TAMS 0x0000000088e00000| PB 0x0000000088e00000| Untracked 
| 111|0x0000000088f00000, 0x0000000089000000, 0x0000000089000000|100%| S|CS|TAMS 0x0000000088f00000| PB 0x0000000088f00000| Complete 
| 112|0x0000000089000000, 0x0000000089100000, 0x0000000089100000|100%| S|CS|TAMS 0x0000000089000000| PB 0x0000000089000000| Complete 
| 113|0x0000000089100000, 0x0000000089100000, 0x0000000089200000|  0%| F|  |TAMS 0x0000000089100000| PB 0x0000000089100000| Untracked 
| 114|0x0000000089200000, 0x0000000089200000, 0x0000000089300000|  0%| F|  |TAMS 0x0000000089200000| PB 0x0000000089200000| Untracked 
| 115|0x0000000089300000, 0x0000000089300000, 0x0000000089400000|  0%| F|  |TAMS 0x0000000089300000| PB 0x0000000089300000| Untracked 
| 116|0x0000000089400000, 0x00000000894d8dd8, 0x0000000089500000| 84%| E|  |TAMS 0x0000000089400000| PB 0x0000000089400000| Complete 
| 117|0x0000000089500000, 0x0000000089600000, 0x0000000089600000|100%| E|CS|TAMS 0x0000000089500000| PB 0x0000000089500000| Complete 
| 118|0x0000000089600000, 0x0000000089700000, 0x0000000089700000|100%| E|CS|TAMS 0x0000000089600000| PB 0x0000000089600000| Complete 
| 119|0x0000000089700000, 0x0000000089800000, 0x0000000089800000|100%| E|CS|TAMS 0x0000000089700000| PB 0x0000000089700000| Complete 
| 120|0x0000000089800000, 0x0000000089900000, 0x0000000089900000|100%| E|CS|TAMS 0x0000000089800000| PB 0x0000000089800000| Complete 
| 121|0x0000000089900000, 0x0000000089a00000, 0x0000000089a00000|100%| E|CS|TAMS 0x0000000089900000| PB 0x0000000089900000| Complete 
| 122|0x0000000089a00000, 0x0000000089b00000, 0x0000000089b00000|100%| E|CS|TAMS 0x0000000089a00000| PB 0x0000000089a00000| Complete 
| 123|0x0000000089b00000, 0x0000000089c00000, 0x0000000089c00000|100%| E|CS|TAMS 0x0000000089b00000| PB 0x0000000089b00000| Complete 
| 124|0x0000000089c00000, 0x0000000089d00000, 0x0000000089d00000|100%| E|CS|TAMS 0x0000000089c00000| PB 0x0000000089c00000| Complete 
| 125|0x0000000089d00000, 0x0000000089e00000, 0x0000000089e00000|100%| E|CS|TAMS 0x0000000089d00000| PB 0x0000000089d00000| Complete 

Card table byte_map: [0x000001d1f3550000,0x000001d1f3940000] _byte_map_base: 0x000001d1f3140000

Marking Bits: (CMBitMap*) 0x000001d1d9f56170
 Bits: [0x000001d1f3940000, 0x000001d1f58c0000)

Polling page: 0x000001d1e3b10000

Metaspace:

Usage:
  Non-class:     13.82 MB used.
      Class:      1.76 MB used.
       Both:     15.58 MB used.

Virtual space:
  Non-class space:       64.00 MB reserved,      13.94 MB ( 22%) committed,  1 nodes.
      Class space:        1.00 GB reserved,       1.88 MB ( <1%) committed,  1 nodes.
             Both:        1.06 GB reserved,      15.81 MB (  1%) committed. 

Chunk freelists:
   Non-Class:  2.04 MB
       Class:  14.17 MB
        Both:  16.21 MB

MaxMetaspaceSize: unlimited
CompressedClassSpaceSize: 1.00 GB
Initial GC threshold: 21.00 MB
Current GC threshold: 21.00 MB
CDS: on
 - commit_granule_bytes: 65536.
 - commit_granule_words: 8192.
 - virtual_space_node_default_size: 8388608.
 - enlarge_chunks_in_place: 1.
 - use_allocation_guard: 0.


Internal statistics:

num_allocs_failed_limit: 0.
num_arena_births: 194.
num_arena_deaths: 0.
num_vsnodes_births: 2.
num_vsnodes_deaths: 0.
num_space_committed: 253.
num_space_uncommitted: 0.
num_chunks_returned_to_freelist: 0.
num_chunks_taken_from_freelist: 354.
num_chunk_merges: 0.
num_chunk_splits: 217.
num_chunks_enlarged: 126.
num_inconsistent_stats: 0.

CodeHeap 'non-profiled nmethods': size=120000Kb used=615Kb max_used=615Kb free=119384Kb
 bounds [0x000001d1eb600000, 0x000001d1eb870000, 0x000001d1f2b30000]
CodeHeap 'profiled nmethods': size=120000Kb used=3088Kb max_used=3088Kb free=116911Kb
 bounds [0x000001d1e3b30000, 0x000001d1e3e40000, 0x000001d1eb060000]
CodeHeap 'non-nmethods': size=5760Kb used=1633Kb max_used=1658Kb free=4126Kb
 bounds [0x000001d1eb060000, 0x000001d1eb2d0000, 0x000001d1eb600000]
 total_blobs=2421 nmethods=1734 adapters=592
 compilation: enabled
              stopped_count=0, restarted_count=0
 full_count=0

Compilation events (20 events):
Event: 1.330 Thread 0x000001d1f7f226c0 1723       4       jdk.internal.misc.Unsafe::getInt (7 bytes)
Event: 1.330 Thread 0x000001d1f7f226c0 nmethod 1723 0x000001d1eb697990 code [0x000001d1eb697b20, 0x000001d1eb697bb0]
Event: 1.330 Thread 0x000001d1f7f226c0 1725       4       jdk.internal.misc.Unsafe::getLong (7 bytes)
Event: 1.330 Thread 0x000001d1f7f226c0 nmethod 1725 0x000001d1eb697c90 code [0x000001d1eb697e20, 0x000001d1eb697eb0]
Event: 1.330 Thread 0x000001d1f7f2ded0 nmethod 1724 0x000001d1e3e31d90 code [0x000001d1e3e32000, 0x000001d1e3e32c88]
Event: 1.330 Thread 0x000001d1f7f2ded0 1728       3       sun.nio.fs.WindowsPathParser$Result::<init> (20 bytes)
Event: 1.331 Thread 0x000001d1f7f2ded0 nmethod 1728 0x000001d1e3e33010 code [0x000001d1e3e331c0, 0x000001d1e3e33440]
Event: 1.331 Thread 0x000001d1f7f2ded0 1731       2       java.lang.Integer::rotateRight (9 bytes)
Event: 1.331 Thread 0x000001d1f7f2ded0 nmethod 1731 0x000001d1e3e33510 code [0x000001d1e3e336a0, 0x000001d1e3e33798]
Event: 1.331 Thread 0x000001d1f7f2ded0 1727       3       java.security.MessageDigest$Delegate::engineUpdate (11 bytes)
Event: 1.331 Thread 0x000001d1f7f226c0 1732       4       java.lang.invoke.VarHandle::checkAccessModeThenIsDirect (29 bytes)
Event: 1.331 Thread 0x000001d1f7f2ded0 nmethod 1727 0x000001d1e3e33810 code [0x000001d1e3e339c0, 0x000001d1e3e33b98]
Event: 1.331 Thread 0x000001d1f7f2ded0 1726       3       java.security.MessageDigest::update (14 bytes)
Event: 1.331 Thread 0x000001d1f7f2ded0 nmethod 1726 0x000001d1e3e33c90 code [0x000001d1e3e33e40, 0x000001d1e3e34120]
Event: 1.332 Thread 0x000001d1f7f2af20 nmethod 1722 0x000001d1eb697f90 code [0x000001d1eb698180, 0x000001d1eb698b58]
Event: 1.332 Thread 0x000001d1f7f2af20 1733       4       java.lang.invoke.VarForm::getMemberName (31 bytes)
Event: 1.333 Thread 0x000001d1f7f2af20 nmethod 1733 0x000001d1eb698e90 code [0x000001d1eb699020, 0x000001d1eb699140]
Event: 1.333 Thread 0x000001d1f7f2af20 1734       4       java.lang.Integer::rotateRight (9 bytes)
Event: 1.333 Thread 0x000001d1f7f2af20 nmethod 1734 0x000001d1eb699290 code [0x000001d1eb699400, 0x000001d1eb699470]
Event: 1.334 Thread 0x000001d1f7f226c0 nmethod 1732 0x000001d1eb699590 code [0x000001d1eb699740, 0x000001d1eb699b78]

GC Heap History (2 events):
Event: 0.825 GC heap before
{Heap before GC invocations=0 (full 0):
 garbage-first heap   total 129024K, used 13312K [0x0000000082000000, 0x0000000100000000)
  region size 1024K, 13 young (13312K), 0 survivors (0K)
 Metaspace       used 10292K, committed 10560K, reserved 1114112K
  class space    used 1210K, committed 1344K, reserved 1048576K
}
Event: 0.832 GC heap after
{Heap after GC invocations=1 (full 0):
 garbage-first heap   total 129024K, used 3572K [0x0000000082000000, 0x0000000100000000)
  region size 1024K, 2 young (2048K), 2 survivors (2048K)
 Metaspace       used 10292K, committed 10560K, reserved 1114112K
  class space    used 1210K, committed 1344K, reserved 1048576K
}

Dll operation events (11 events):
Event: 0.006 Loaded shared library C:\Program Files\Java\jdk-21\bin\java.dll
Event: 0.041 Loaded shared library C:\Program Files\Java\jdk-21\bin\jsvml.dll
Event: 0.078 Loaded shared library C:\Program Files\Java\jdk-21\bin\net.dll
Event: 0.079 Loaded shared library C:\Program Files\Java\jdk-21\bin\nio.dll
Event: 0.104 Loaded shared library C:\Program Files\Java\jdk-21\bin\zip.dll
Event: 0.113 Loaded shared library C:\Program Files\Java\jdk-21\bin\jimage.dll
Event: 0.133 Loaded shared library C:\Program Files\Java\jdk-21\bin\awt.dll
Event: 0.250 Loaded shared library C:\Program Files\Java\jdk-21\bin\freetype.dll
Event: 0.250 Loaded shared library C:\Program Files\Java\jdk-21\bin\fontmanager.dll
Event: 1.089 Loaded shared library C:\Program Files\Java\jdk-21\bin\extnet.dll
Event: 1.221 Loaded shared library C:\Program Files\Java\jdk-21\bin\sunmscapi.dll

Deoptimization events (20 events):
Event: 1.068 Thread 0x000001d1fcd3a420 DEOPT PACKING pc=0x000001d1eb655090 sp=0x0000008e261fd950
Event: 1.068 Thread 0x000001d1fcd3a420 DEOPT UNPACKING pc=0x000001d1eb0b46a2 sp=0x0000008e261fd8c0 mode 2
Event: 1.078 Thread 0x000001d1fcd3a420 Uncommon trap: trap_request=0xffffff45 fr.pc=0x000001d1eb67d1dc relative=0x0000000000000e5c
Event: 1.078 Thread 0x000001d1fcd3a420 Uncommon trap: reason=unstable_if action=reinterpret pc=0x000001d1eb67d1dc method=java.util.concurrent.ConcurrentHashMap.putVal(Ljava/lang/Object;Ljava/lang/Object;Z)Ljava/lang/Object; @ 148 c2
Event: 1.078 Thread 0x000001d1fcd3a420 DEOPT PACKING pc=0x000001d1eb67d1dc sp=0x0000008e261fe480
Event: 1.078 Thread 0x000001d1fcd3a420 DEOPT UNPACKING pc=0x000001d1eb0b46a2 sp=0x0000008e261fe400 mode 2
Event: 1.288 Thread 0x000001d1fcd3a420 Uncommon trap: trap_request=0xffffffc6 fr.pc=0x000001d1eb655090 relative=0x0000000000000330
Event: 1.288 Thread 0x000001d1fcd3a420 Uncommon trap: reason=bimorphic_or_optimized_type_check action=maybe_recompile pc=0x000001d1eb655090 method=java.util.concurrent.ConcurrentHashMap.get(Ljava/lang/Object;)Ljava/lang/Object; @ 149 c2
Event: 1.288 Thread 0x000001d1fcd3a420 DEOPT PACKING pc=0x000001d1eb655090 sp=0x0000008e261fb3d0
Event: 1.288 Thread 0x000001d1fcd3a420 DEOPT UNPACKING pc=0x000001d1eb0b46a2 sp=0x0000008e261fb340 mode 2
Event: 1.288 Thread 0x000001d1fcd3a420 Uncommon trap: trap_request=0xffffffc6 fr.pc=0x000001d1eb655090 relative=0x0000000000000330
Event: 1.288 Thread 0x000001d1fcd3a420 Uncommon trap: reason=bimorphic_or_optimized_type_check action=maybe_recompile pc=0x000001d1eb655090 method=java.util.concurrent.ConcurrentHashMap.get(Ljava/lang/Object;)Ljava/lang/Object; @ 149 c2
Event: 1.288 Thread 0x000001d1fcd3a420 DEOPT PACKING pc=0x000001d1eb655090 sp=0x0000008e261fb440
Event: 1.288 Thread 0x000001d1fcd3a420 DEOPT UNPACKING pc=0x000001d1eb0b46a2 sp=0x0000008e261fb3b0 mode 2
Event: 1.299 Thread 0x000001d1fcd3a420 Uncommon trap: trap_request=0xffffffc6 fr.pc=0x000001d1eb655090 relative=0x0000000000000330
Event: 1.299 Thread 0x000001d1fcd3a420 Uncommon trap: reason=bimorphic_or_optimized_type_check action=maybe_recompile pc=0x000001d1eb655090 method=java.util.concurrent.ConcurrentHashMap.get(Ljava/lang/Object;)Ljava/lang/Object; @ 149 c2
Event: 1.299 Thread 0x000001d1fcd3a420 DEOPT PACKING pc=0x000001d1eb655090 sp=0x0000008e261fc0d0
Event: 1.299 Thread 0x000001d1fcd3a420 DEOPT UNPACKING pc=0x000001d1eb0b46a2 sp=0x0000008e261fc040 mode 2
Event: 1.316 Thread 0x000001d1fcd3a420 DEOPT PACKING pc=0x000001d1e3d54c8a sp=0x0000008e261fcda0
Event: 1.316 Thread 0x000001d1fcd3a420 DEOPT UNPACKING pc=0x000001d1eb0b4e42 sp=0x0000008e261fc1d8 mode 0

Classes loaded (20 events):
Event: 1.337 Loading class sun/security/ssl/NewSessionTicket$T13NewSessionTicketConsumer done
Event: 1.337 Loading class sun/security/ssl/NewSessionTicket$T12NewSessionTicketConsumer
Event: 1.337 Loading class sun/security/ssl/NewSessionTicket$T12NewSessionTicketConsumer done
Event: 1.337 Loading class sun/security/ssl/NewSessionTicket$T13NewSessionTicketProducer
Event: 1.337 Loading class sun/security/ssl/NewSessionTicket$T13NewSessionTicketProducer done
Event: 1.337 Loading class sun/security/ssl/NewSessionTicket$T12NewSessionTicketProducer
Event: 1.337 Loading class sun/security/ssl/NewSessionTicket$T12NewSessionTicketProducer done
Event: 1.337 Loading class sun/security/ssl/EncryptedExtensions
Event: 1.337 Loading class sun/security/ssl/EncryptedExtensions done
Event: 1.337 Loading class sun/security/ssl/EncryptedExtensions$EncryptedExtensionsProducer
Event: 1.337 Loading class sun/security/ssl/EncryptedExtensions$EncryptedExtensionsProducer done
Event: 1.337 Loading class sun/security/ssl/EncryptedExtensions$EncryptedExtensionsConsumer
Event: 1.337 Loading class sun/security/ssl/EncryptedExtensions$EncryptedExtensionsConsumer done
Event: 1.337 Loading class sun/security/ssl/CertificateMessage
Event: 1.337 Loading class sun/security/ssl/CertificateMessage done
Event: 1.337 Loading class sun/security/ssl/CertificateMessage$T12CertificateConsumer
Event: 1.337 Loading class sun/security/ssl/CertificateMessage$T12CertificateConsumer done
Event: 1.337 Loading class sun/security/ssl/CertificateMessage$T12CertificateProducer
Event: 1.337 Loading class sun/security/ssl/CertificateMessage$T12CertificateProducer done
Event: 1.337 Loading class sun/security/ssl/CertificateMessage$T13CertificateConsumer

Classes unloaded (0 events):
No events

Classes redefined (0 events):
No events

Internal exceptions (20 events):
Event: 0.291 Thread 0x000001d1d9ddae70 Exception <a 'java/lang/ClassNotFoundException'{0x0000000089855488}: com/sun/swing/internal/plaf/basic/resources/spi/basicProvider> (0x0000000089855488) 
thrown [s\open\src\hotspot\share\classfile\systemDictionary.cpp, line 312]
Event: 0.311 Thread 0x000001d1fcd3a420 Exception <a 'java/lang/ClassNotFoundException'{0x00000000898dc968}: com/sun/swing/internal/plaf/synth/resources/spi/synthProvider> (0x00000000898dc968) 
thrown [s\open\src\hotspot\share\classfile\systemDictionary.cpp, line 312]
Event: 0.329 Thread 0x000001d1fcd3a420 Exception <a 'java/lang/NoSuchMethodError'{0x0000000089720430}: 'int java.lang.invoke.Invokers$Holder.invokeExact_MT(java.lang.Object, java.lang.Object)'> (0x0000000089720430) 
thrown [s\open\src\hotspot\share\interpreter\linkResolver.cpp, line 773]
Event: 0.334 Thread 0x000001d1fcd3a420 Exception <a 'java/lang/NoSuchMethodError'{0x0000000089728ad8}: 'java.lang.Object java.lang.invoke.DirectMethodHandle$Holder.newInvokeSpecial(java.lang.Object, java.lang.Object, int)'> (0x0000000089728ad8) 
thrown [s\open\src\hotspot\share\interpreter\linkResolver.cpp, line 773]
Event: 0.334 Thread 0x000001d1fcd3a420 Exception <a 'java/lang/NoSuchMethodError'{0x000000008972d988}: 'int java.lang.invoke.DirectMethodHandle$Holder.invokeSpecial(java.lang.Object, java.lang.Object, java.lang.Object, int)'> (0x000000008972d988) 
thrown [s\open\src\hotspot\share\interpreter\linkResolver.cpp, line 773]
Event: 0.336 Thread 0x000001d1fcd3a420 Exception <a 'java/lang/NoSuchMethodError'{0x000000008973ffe0}: 'java.lang.Object java.lang.invoke.DirectMethodHandle$Holder.invokeStatic(java.lang.Object, java.lang.Object, java.lang.Object, java.lang.Object, int)'> (0x000000008973ffe0) 
thrown [s\open\src\hotspot\share\interpreter\linkResolver.cpp, line 773]
Event: 0.338 Thread 0x000001d1fcd3a420 Exception <a 'java/lang/NoSuchMethodError'{0x000000008974b980}: 'int java.lang.invoke.DirectMethodHandle$Holder.invokeSpecial(java.lang.Object, java.lang.Object, java.lang.Object)'> (0x000000008974b980) 
thrown [s\open\src\hotspot\share\interpreter\linkResolver.cpp, line 773]
Event: 0.414 Thread 0x000001d1fc450960 Exception <a 'java/lang/NoSuchMethodError'{0x0000000089ad65e8}: 'void java.lang.invoke.DirectMethodHandle$Holder.invokeVirtual(java.lang.Object, java.lang.Object)'> (0x0000000089ad65e8) 
thrown [s\open\src\hotspot\share\interpreter\linkResolver.cpp, line 773]
Event: 0.432 Thread 0x000001d1fcd3a420 Exception <a 'java/lang/NoSuchMethodError'{0x000000008961bc68}: 'void java.lang.invoke.DirectMethodHandle$Holder.invokeStaticInit(java.lang.Object)'> (0x000000008961bc68) 
thrown [s\open\src\hotspot\share\interpreter\linkResolver.cpp, line 773]
Event: 0.506 Thread 0x000001d1fcd3a420 Exception <a 'java/io/FileNotFoundException'{0x00000000896d8488}> (0x00000000896d8488) 
thrown [s\open\src\hotspot\share\prims\jni.cpp, line 520]
Event: 0.521 Thread 0x000001d1fcd3a420 Exception <a 'java/io/FileNotFoundException'{0x000000008950c018}> (0x000000008950c018) 
thrown [s\open\src\hotspot\share\prims\jni.cpp, line 520]
Event: 0.823 Thread 0x000001d1fcd3a420 Exception <a 'java/lang/NoSuchMethodError'{0x00000000891d9e70}: 'void java.lang.invoke.DirectMethodHandle$Holder.invokeStatic(java.lang.Object, java.lang.Object)'> (0x00000000891d9e70) 
thrown [s\open\src\hotspot\share\interpreter\linkResolver.cpp, line 773]
Event: 0.844 Thread 0x000001d1fcd3a420 Implicit null exception at 0x000001d1eb6536a9 to 0x000001d1eb653758
Event: 0.888 Thread 0x000001d1fcd3a420 Exception <a 'java/lang/NoSuchMethodError'{0x0000000089c12d58}: 'java.lang.Object java.lang.invoke.DirectMethodHandle$Holder.invokeInterface(java.lang.Object, java.lang.Object)'> (0x0000000089c12d58) 
thrown [s\open\src\hotspot\share\interpreter\linkResolver.cpp, line 773]
Event: 0.940 Thread 0x000001d1fcd3a420 Exception <a 'java/lang/NoSuchMethodError'{0x0000000089c8d308}: 'void java.lang.invoke.DirectMethodHandle$Holder.invokeStatic(java.lang.Object, java.lang.Object, java.lang.Object)'> (0x0000000089c8d308) 
thrown [s\open\src\hotspot\share\interpreter\linkResolver.cpp, line 773]
Event: 0.944 Thread 0x000001d1fcd3a420 Exception <a 'java/lang/NoSuchMethodError'{0x0000000089c95ff0}: 'java.lang.Object java.lang.invoke.DirectMethodHandle$Holder.invokeVirtual(java.lang.Object, java.lang.Object, java.lang.Object)'> (0x0000000089c95ff0) 
thrown [s\open\src\hotspot\share\interpreter\linkResolver.cpp, line 773]
Event: 1.186 Thread 0x000001d1fcd3a420 Exception <a 'java/lang/NoSuchMethodError'{0x0000000089642fc8}: 'void java.lang.invoke.DirectMethodHandle$Holder.invokeStaticInit(java.lang.Object, java.lang.Object)'> (0x0000000089642fc8) 
thrown [s\open\src\hotspot\share\interpreter\linkResolver.cpp, line 773]
Event: 1.271 Thread 0x000001d1fcd3a420 Exception <a 'sun/nio/fs/WindowsException'{0x000000008959c4c0}> (0x000000008959c4c0) 
thrown [s\open\src\hotspot\share\prims\jni.cpp, line 520]
Event: 1.312 Thread 0x000001d1fcd3a420 Exception <a 'java/lang/NoSuchMethodError'{0x000000008944dc70}: 'java.lang.Object java.lang.invoke.DirectMethodHandle$Holder.invokeStaticInit(java.lang.Object, int, int, int, int)'> (0x000000008944dc70) 
thrown [s\open\src\hotspot\share\interpreter\linkResolver.cpp, line 773]
Event: 1.328 Thread 0x000001d1fcd3a420 Exception <a 'java/lang/NoSuchMethodError'{0x00000000894cd808}: 'java.lang.Object java.lang.invoke.DirectMethodHandle$Holder.invokeStaticInit(java.lang.Object, java.lang.Object, int, int, int, int)'> (0x00000000894cd808) 
thrown [s\open\src\hotspot\share\interpreter\linkResolver.cpp, line 773]

ZGC Phase Switch (0 events):
No events

VM Operations (20 events):
Event: 0.084 Executing VM operation: HandshakeAllThreads (Deoptimize)
Event: 0.084 Executing VM operation: HandshakeAllThreads (Deoptimize) done
Event: 0.361 Executing VM operation: HandshakeAllThreads (Deoptimize)
Event: 0.361 Executing VM operation: HandshakeAllThreads (Deoptimize) done
Event: 0.796 Executing VM operation: ICBufferFull
Event: 0.796 Executing VM operation: ICBufferFull done
Event: 0.825 Executing VM operation: G1CollectForAllocation (G1 Evacuation Pause)
Event: 0.832 Executing VM operation: G1CollectForAllocation (G1 Evacuation Pause) done
Event: 0.851 Executing VM operation: HandshakeAllThreads (Deoptimize)
Event: 0.851 Executing VM operation: HandshakeAllThreads (Deoptimize) done
Event: 1.087 Executing VM operation: HandshakeAllThreads (Deoptimize)
Event: 1.087 Executing VM operation: HandshakeAllThreads (Deoptimize) done
Event: 1.163 Executing VM operation: HandshakeAllThreads (Deoptimize)
Event: 1.163 Executing VM operation: HandshakeAllThreads (Deoptimize) done
Event: 1.193 Executing VM operation: HandshakeAllThreads (Deoptimize)
Event: 1.193 Executing VM operation: HandshakeAllThreads (Deoptimize) done
Event: 1.274 Executing VM operation: HandshakeAllThreads (Deoptimize)
Event: 1.274 Executing VM operation: HandshakeAllThreads (Deoptimize) done
Event: 1.279 Executing VM operation: HandshakeAllThreads (Deoptimize)
Event: 1.279 Executing VM operation: HandshakeAllThreads (Deoptimize) done

Events (19 events):
Event: 0.022 Thread 0x000001d1d9ddae70 Thread added: 0x000001d1d9ddae70
Event: 0.039 Thread 0x000001d1f7f115b0 Thread added: 0x000001d1f7f115b0
Event: 0.039 Thread 0x000001d1f7f124d0 Thread added: 0x000001d1f7f124d0
Event: 0.039 Thread 0x000001d1f7f16470 Thread added: 0x000001d1f7f16470
Event: 0.039 Thread 0x000001d1f7f18fe0 Thread added: 0x000001d1f7f18fe0
Event: 0.039 Thread 0x000001d1f7f1b1f0 Thread added: 0x000001d1f7f1b1f0
Event: 0.039 Thread 0x000001d1f7f1bc50 Thread added: 0x000001d1f7f1bc50
Event: 0.039 Thread 0x000001d1f7f226c0 Thread added: 0x000001d1f7f226c0
Event: 0.039 Thread 0x000001d1f7f2ded0 Thread added: 0x000001d1f7f2ded0
Event: 0.068 Thread 0x000001d1f7edb8c0 Thread added: 0x000001d1f7edb8c0
Event: 0.097 Thread 0x000001d1fc2aa850 Thread added: 0x000001d1fc2aa850
Event: 0.190 Thread 0x000001d1fc44a300 Thread added: 0x000001d1fc44a300
Event: 0.192 Thread 0x000001d1fc44f6c0 Thread added: 0x000001d1fc44f6c0
Event: 0.193 Thread 0x000001d1fc450960 Thread added: 0x000001d1fc450960
Event: 0.303 Thread 0x000001d1fcd3a420 Thread added: 0x000001d1fcd3a420
Event: 0.304 Thread 0x000001d1d9ddae70 Thread exited: 0x000001d1d9ddae70
Event: 0.304 Thread 0x000001d1d9ddae70 Thread added: 0x000001d1d9ddae70
Event: 0.792 Thread 0x000001d1f7f2af20 Thread added: 0x000001d1f7f2af20
Event: 0.824 Thread 0x000001d1fd303380 Thread added: 0x000001d1fd303380


Dynamic libraries:
0x00007ff725000000 - 0x00007ff725010000 	C:\Program Files\Java\jdk-21\bin\java.exe
0x00007ffbb6690000 - 0x00007ffbb687e000 	C:\Windows\SYSTEM32\ntdll.dll
0x00007ffbb4010000 - 0x00007ffbb40c3000 	C:\Windows\System32\KERNEL32.DLL
0x00007ffbb3230000 - 0x00007ffbb34cd000 	C:\Windows\System32\KERNELBASE.dll
0x00007ffbb3090000 - 0x00007ffbb318a000 	C:\Windows\System32\ucrtbase.dll
0x00007ffbad110000 - 0x00007ffbad129000 	C:\Program Files\Java\jdk-21\bin\jli.dll
0x00007ffba24a0000 - 0x00007ffba24bb000 	C:\Program Files\Java\jdk-21\bin\VCRUNTIME140.dll
0x00007ffbb3a30000 - 0x00007ffbb3ad7000 	C:\Windows\System32\ADVAPI32.dll
0x00007ffbb5e90000 - 0x00007ffbb5f2e000 	C:\Windows\System32\msvcrt.dll
0x00007ffbb3f70000 - 0x00007ffbb400f000 	C:\Windows\System32\sechost.dll
0x00007ffbb5700000 - 0x00007ffbb581e000 	C:\Windows\System32\RPCRT4.dll
0x00007ffbb58d0000 - 0x00007ffbb5a67000 	C:\Windows\System32\USER32.dll
0x00007ffbb3070000 - 0x00007ffbb3090000 	C:\Windows\System32\win32u.dll
0x00007ffbb6220000 - 0x00007ffbb6249000 	C:\Windows\System32\GDI32.dll
0x00007ffbb3710000 - 0x00007ffbb38bb000 	C:\Windows\System32\gdi32full.dll
0x00007ffbb3190000 - 0x00007ffbb3230000 	C:\Windows\System32\msvcp_win.dll
0x00007ffb9cdc0000 - 0x00007ffb9d039000 	C:\Windows\WinSxS\amd64_microsoft.windows.common-controls_6595b64144ccf1df_6.0.17763.5122_none_de6fbcf2534c9850\COMCTL32.dll
0x00007ffbb5a70000 - 0x00007ffbb5d9b000 	C:\Windows\System32\combase.dll
0x00007ffbb2e60000 - 0x00007ffbb2ee2000 	C:\Windows\System32\bcryptPrimitives.dll
0x00007ffbab990000 - 0x00007ffbab99a000 	C:\Windows\SYSTEM32\VERSION.dll
0x00007ffbb6460000 - 0x00007ffbb648e000 	C:\Windows\System32\IMM32.DLL
0x00007ffba67c0000 - 0x00007ffba67cc000 	C:\Program Files\Java\jdk-21\bin\vcruntime140_1.dll
0x00007ffb8ab40000 - 0x00007ffb8abce000 	C:\Program Files\Java\jdk-21\bin\msvcp140.dll
0x00007ffb734b0000 - 0x00007ffb741c5000 	C:\Program Files\Java\jdk-21\bin\server\jvm.dll
0x00007ffbb2660000 - 0x00007ffbb26bd000 	C:\Windows\System32\POWRPROF.dll
0x00007ffbb6490000 - 0x00007ffbb64fd000 	C:\Windows\System32\WS2_32.dll
0x00007ffbaf830000 - 0x00007ffbaf854000 	C:\Windows\SYSTEM32\WINMM.dll
0x00007ffbaf800000 - 0x00007ffbaf82d000 	C:\Windows\SYSTEM32\WINMMBASE.dll
0x00007ffbb2ef0000 - 0x00007ffbb2f3a000 	C:\Windows\System32\cfgmgr32.dll
0x00007ffbb2640000 - 0x00007ffbb2651000 	C:\Windows\System32\kernel.appcore.dll
0x00007ffba37b0000 - 0x00007ffba37ba000 	C:\Program Files\Java\jdk-21\bin\jimage.dll
0x00007ffbb0f40000 - 0x00007ffbb112d000 	C:\Windows\SYSTEM32\DBGHELP.DLL
0x00007ffb9a790000 - 0x00007ffb9a7ba000 	C:\Windows\SYSTEM32\dbgcore.DLL
0x00007ffb9e230000 - 0x00007ffb9e24f000 	C:\Program Files\Java\jdk-21\bin\java.dll
0x00007ffbb4200000 - 0x00007ffbb56f8000 	C:\Windows\System32\SHELL32.dll
0x00007ffbb5820000 - 0x00007ffbb58c7000 	C:\Windows\System32\shcore.dll
0x00007ffbb2710000 - 0x00007ffbb2e57000 	C:\Windows\System32\windows.storage.dll
0x00007ffbb26c0000 - 0x00007ffbb26e3000 	C:\Windows\System32\profapi.dll
0x00007ffbb61c0000 - 0x00007ffbb6212000 	C:\Windows\System32\shlwapi.dll
0x00007ffbb3050000 - 0x00007ffbb306b000 	C:\Windows\System32\cryptsp.dll
0x00007ffb92980000 - 0x00007ffb92a57000 	C:\Program Files\Java\jdk-21\bin\jsvml.dll
0x00007ffba3760000 - 0x00007ffba3770000 	C:\Program Files\Java\jdk-21\bin\net.dll
0x00007ffba4de0000 - 0x00007ffba4edd000 	C:\Windows\SYSTEM32\WINHTTP.dll
0x00007ffbb1e30000 - 0x00007ffbb1e97000 	C:\Windows\system32\mswsock.dll
0x00007ffb9e000000 - 0x00007ffb9e016000 	C:\Program Files\Java\jdk-21\bin\nio.dll
0x00007ffb9d620000 - 0x00007ffb9d638000 	C:\Program Files\Java\jdk-21\bin\zip.dll
0x00007ffb71c20000 - 0x00007ffb71daf000 	C:\Program Files\Java\jdk-21\bin\awt.dll
0x00007ffbb5dc0000 - 0x00007ffbb5e84000 	C:\Windows\System32\OLEAUT32.dll
0x00007ffbaff30000 - 0x00007ffbaffbc000 	C:\Windows\SYSTEM32\apphelp.dll
0x00007ffbb04c0000 - 0x00007ffbb055c000 	C:\Windows\system32\uxtheme.dll
0x00007ffbb38c0000 - 0x00007ffbb3a2a000 	C:\Windows\System32\MSCTF.dll
0x00007ffbb0bb0000 - 0x00007ffbb0bde000 	C:\Windows\system32\dwmapi.dll
0x00007ffbb3500000 - 0x00007ffbb3704000 	C:\Windows\System32\CRYPT32.dll
0x00007ffbb26f0000 - 0x00007ffbb2702000 	C:\Windows\System32\MSASN1.dll
0x00007ffbb6500000 - 0x00007ffbb6656000 	C:\Windows\System32\ole32.dll
0x00007ffb89de0000 - 0x00007ffb89e67000 	C:\Program Files\Java\jdk-21\bin\freetype.dll
0x00007ffb85e30000 - 0x00007ffb85f03000 	C:\Program Files\Java\jdk-21\bin\fontmanager.dll
0x00007ffb99bf0000 - 0x00007ffb99d17000 	C:\Windows\system32\opengl32.dll
0x00007ffb99470000 - 0x00007ffb9949c000 	C:\Windows\SYSTEM32\GLU32.dll
0x00007ffbb6350000 - 0x00007ffbb63f8000 	C:\Windows\System32\clbcatq.dll
0x00007ffbad400000 - 0x00007ffbad5b8000 	C:\Windows\SYSTEM32\WindowsCodecs.dll
0x00007ffba12c0000 - 0x00007ffba1316000 	C:\Windows\system32\dataexchange.dll
0x00007ffbaedc0000 - 0x00007ffbaf03e000 	C:\Windows\system32\d3d11.dll
0x00007ffbaf630000 - 0x00007ffbaf7f3000 	C:\Windows\system32\dcomp.dll
0x00007ffbb1320000 - 0x00007ffbb13e2000 	C:\Windows\system32\dxgi.dll
0x00007ffbb0260000 - 0x00007ffbb046c000 	C:\Windows\system32\twinapi.appcore.dll
0x00007ffbb0470000 - 0x00007ffbb0498000 	C:\Windows\system32\RMCLIENT.dll
0x00007ffbb1b80000 - 0x00007ffbb1c46000 	C:\Windows\SYSTEM32\DNSAPI.dll
0x00007ffbb6330000 - 0x00007ffbb6338000 	C:\Windows\System32\NSI.dll
0x00007ffbb1b40000 - 0x00007ffbb1b7d000 	C:\Windows\SYSTEM32\IPHLPAPI.DLL
0x00007ffba25e0000 - 0x00007ffba25ea000 	C:\Windows\System32\rasadhlp.dll
0x00007ffba50f0000 - 0x00007ffba5169000 	C:\Windows\System32\fwpuclnt.dll
0x00007ffbb34d0000 - 0x00007ffbb34f6000 	C:\Windows\System32\bcrypt.dll
0x00007ffba1810000 - 0x00007ffba1817000 	C:\Program Files\Java\jdk-21\bin\extnet.dll
0x00007ffba6890000 - 0x00007ffba689e000 	C:\Program Files\Java\jdk-21\bin\sunmscapi.dll
0x00007ffbb2100000 - 0x00007ffbb212c000 	C:\Windows\SYSTEM32\ncrypt.dll
0x00007ffbb20c0000 - 0x00007ffbb20fc000 	C:\Windows\SYSTEM32\NTASN1.dll
0x00007ffbb19b0000 - 0x00007ffbb19e3000 	C:\Windows\system32\rsaenh.dll
0x00007ffbb2540000 - 0x00007ffbb2569000 	C:\Windows\SYSTEM32\USERENV.dll
0x00007ffbb2000000 - 0x00007ffbb200c000 	C:\Windows\SYSTEM32\CRYPTBASE.dll

dbghelp: loaded successfully - version: 4.0.5 - missing functions: none
symbol engine: initialized successfully - sym options: 0x614 - pdb path: .;C:\Program Files\Java\jdk-21\bin;C:\Windows\SYSTEM32;C:\Windows\WinSxS\amd64_microsoft.windows.common-controls_6595b64144ccf1df_6.0.17763.5122_none_de6fbcf2534c9850;C:\Program Files\Java\jdk-21\bin\server

VM Arguments:
jvm_args: -Dfile.encoding=UTF-8 --module-path=C:\Users\Administrator\Documents\NetBeansProjects\QuanLiInternet\build\classes 
java_command: quanliinternet.View
java_class_path (initial): C:\Users\Administrator\Downloads\mysql-connector-j-8.2.0\mysql-connector-j-8.2.0\mysql-connector-j-8.2.0.jar;C:\Users\Administrator\Documents\NetBeansProjects\QuanLiInternet\build\classes
Launcher Type: SUN_STANDARD

[Global flags]
     intx CICompilerCount                          = 3                                         {product} {ergonomic}
     uint ConcGCThreads                            = 1                                         {product} {ergonomic}
     uint G1ConcRefinementThreads                  = 4                                         {product} {ergonomic}
   size_t G1HeapRegionSize                         = 1048576                                   {product} {ergonomic}
    uintx GCDrainStackTargetSize                   = 64                                        {product} {ergonomic}
   size_t InitialHeapSize                          = 132120576                                 {product} {ergonomic}
   size_t MarkStackSize                            = 4194304                                   {product} {ergonomic}
   size_t MaxHeapSize                              = 2113929216                                {product} {ergonomic}
   size_t MaxNewSize                               = 1267728384                                {product} {ergonomic}
   size_t MinHeapDeltaBytes                        = 1048576                                   {product} {ergonomic}
   size_t MinHeapSize                              = 8388608                                   {product} {ergonomic}
    uintx NonNMethodCodeHeapSize                   = 5832780                                {pd product} {ergonomic}
    uintx NonProfiledCodeHeapSize                  = 122912730                              {pd product} {ergonomic}
    uintx ProfiledCodeHeapSize                     = 122912730                              {pd product} {ergonomic}
    uintx ReservedCodeCacheSize                    = 251658240                              {pd product} {ergonomic}
     bool SegmentedCodeCache                       = true                                      {product} {ergonomic}
   size_t SoftMaxHeapSize                          = 2113929216                             {manageable} {ergonomic}
     bool UseCompressedOops                        = true                           {product lp64_product} {ergonomic}
     bool UseG1GC                                  = true                                      {product} {ergonomic}
     bool UseLargePagesIndividualAllocation        = false                                  {pd product} {ergonomic}

Logging:
Log output configuration:
 #0: stdout all=warning uptime,level,tags foldmultilines=false
 #1: stderr all=off uptime,level,tags foldmultilines=false

Environment Variables:
JAVA_HOME=C:\Program Files\Java\jdk-21
PATH=C:\Program Files\Common Files\Oracle\Java\javapath;C:\Windows\system32;C:\Windows;C:\Windows\System32\Wbem;C:\Windows\System32\WindowsPowerShell\v1.0\;C:\Windows\System32\OpenSSH\;C:\Program Files (x86)\Microsoft SQL Server\160\Tools\Binn\;C:\Program Files\Microsoft SQL Server\160\Tools\Binn\;C:\Program Files\Microsoft SQL Server\Client SDK\ODBC\170\Tools\Binn\;C:\Program Files\Microsoft SQL Server\160\DTS\Binn\;C:\MinGW\bin;C:\Program Files (x86)\Microsoft SQL Server\160\DTS\Binn\;C:\Program Files\Azure Data Studio\bin;C:\Program Files\Java\jdk-21\bin;C:\Program Files\dotnet\;C:\Program Files\Git\cmd;C:\Program Files\MySQL\MySQL Shell 8.0\bin\;C:\Users\Administrator\AppData\Local\Programs\Microsoft VS Code\bin
USERNAME=Administrator
OS=Windows_NT
PROCESSOR_IDENTIFIER=Intel64 Family 6 Model 142 Stepping 9, GenuineIntel
TMP=C:\Users\ADMINI~1\AppData\Local\Temp
TEMP=C:\Users\ADMINI~1\AppData\Local\Temp




Periodic native trim disabled

---------------  S Y S T E M  ---------------

OS:
 Windows 10 , 64 bit Build 17763 (10.0.17763.4974)
OS uptime: 1 days 4:01 hours

CPU: total 4 (initial active 4) (2 cores per cpu, 2 threads per core) family 6 model 142 stepping 9 microcode 0xec, cx8, cmov, fxsr, ht, mmx, 3dnowpref, sse, sse2, sse3, ssse3, sse4.1, sse4.2, popcnt, lzcnt, tsc, tscinvbit, avx, avx2, aes, erms, clmul, bmi1, bmi2, adx, fma, vzeroupper, clflush, clflushopt, rdtscp, f16c
Processor Information for all 4 processors :
  Max Mhz: 2701, Current Mhz: 2701, Mhz Limit: 2701

Memory: 4k page, system-wide physical 8057M (1726M free)
TotalPageFile size 8057M (AvailPageFile size 4M)
current process WorkingSet (physical memory assigned to process): 93M, peak: 93M
current process commit charge ("private bytes"): 232M, peak: 232M

vm_info: Java HotSpot(TM) 64-Bit Server VM (21.0.1+12-LTS-29) for windows-amd64 JRE (21.0.1+12-LTS-29), built on 2023-10-05T13:27:09Z by "mach5one" with MS VC++ 17.1 (VS2022)

END.
